[   86375ms] [ERROR] Failed to load resource: the server responded with a status of 403 () @ https://jovnzctskurgyfqfaatw.supabase.co/rest/v1/yt_channels?on_conflict=channel_id:0
[   86482ms] DartError: PostgrestException(message: new row violates row-level security policy for table "yt_channels", code: 42501, details: , hint: null)
    at Object.throw_ [as throw] (http://localhost:8080/dart_sdk.js:3803:11)
    at http://localhost:8080/packages/postgrest/src/postgrest_builder.dart.lib.js:590:25
    at http://localhost:8080/dart_sdk.js:40560:13
    at http://localhost:8080/dart_sdk.js:40570:7
    at Object._asyncStartSync (http://localhost:8080/dart_sdk.js:40518:5)
    at [_parseResponse] (http://localhost:8080/packages/postgrest/src/postgrest_builder.dart.lib.js:601:20)
    at http://localhost:8080/packages/postgrest/src/postgrest_builder.dart.lib.js:381:107
    at http://localhost:8080/dart_sdk.js:40560:13
    at http://localhost:8080/dart_sdk.js:40570:7
    at http://localhost:8080/dart_sdk.js:40537:42
    at _RootZone.runUnary (http://localhost:8080/dart_sdk.js:39129:59)
    at _FutureListener.handleValue (http://localhost:8080/dart_sdk.js:32851:26)
    at handleValueCallback (http://localhost:8080/dart_sdk.js:33486:47)
    at _Future._propagateToListeners (http://localhost:8080/dart_sdk.js:33524:15)
    at [_completeWithValue] (http://localhost:8080/dart_sdk.js:33343:21)
    at _AsyncAwaitCompleter.complete (http://localhost:8080/dart_sdk.js:39962:42)
    at Object._asyncReturn (http://localhost:8080/dart_sdk.js:40528:15)
    at http://localhost:8080/packages/http/src/multipart_request.dart.lib.js:1858:28
    at http://localhost:8080/dart_sdk.js:40560:13
    at http://localhost:8080/dart_sdk.js:40570:7
    at http://localhost:8080/dart_sdk.js:40537:42
    at _RootZone.runUnary (http://localhost:8080/dart_sdk.js:39129:59)
    at _FutureListener.handleValue (http://localhost:8080/dart_sdk.js:32851:26)
    at handleValueCallback (http://localhost:8080/dart_sdk.js:33486:47)
    at _Future._propagateToListeners (http://localhost:8080/dart_sdk.js:33524:15)
    at [_completeWithValue] (http://localhost:8080/dart_sdk.js:33343:21)
    at http://localhost:8080/dart_sdk.js:33389:33
    at Object._microtaskLoop (http://localhost:8080/dart_sdk.js:40920:43)
    at Object._startMicrotaskLoop (http://localhost:8080/dart_sdk.js:40927:13)
    at tear (http://localhost:8080/dart_sdk.js:3848:46)
    at http://localhost:8080/dart_sdk.js:33811:73
[   90719ms] [ERROR] Access to image at 'https://i.ytimg.com/vi/HGccjrk8KSQ/hqdefault_live.jpg' from origin 'http://localhost:8080' has been blocked by CORS policy: No 'Access-Control-Allow-Origin' header is present on the requested resource. @ http://localhost:8080/#/kid/home:0
[   90719ms] [ERROR] Failed to load resource: net::ERR_FAILED @ https://i.ytimg.com/vi/HGccjrk8KSQ/hqdefault_live.jpg:0
[   90725ms] [ERROR] Access to image at 'https://i.ytimg.com/vi/RY2FbjXHeKc/hqdefault_live.jpg' from origin 'http://localhost:8080' has been blocked by CORS policy: No 'Access-Control-Allow-Origin' header is present on the requested resource. @ http://localhost:8080/#/kid/home:0
[   90725ms] [ERROR] Failed to load resource: net::ERR_FAILED @ https://i.ytimg.com/vi/RY2FbjXHeKc/hqdefault_live.jpg:0
[   90726ms] [ERROR] Access to image at 'https://i.ytimg.com/vi/cu5SDPn5FOo/hqdefault_live.jpg' from origin 'http://localhost:8080' has been blocked by CORS policy: No 'Access-Control-Allow-Origin' header is present on the requested resource. @ http://localhost:8080/#/kid/home:0
[   90726ms] [ERROR] Failed to load resource: net::ERR_FAILED @ https://i.ytimg.com/vi/cu5SDPn5FOo/hqdefault_live.jpg:0
[   91751ms] [WARNING] Could not find a set of Noto fonts to display all missing characters. Please add a font asset for the missing characters. See: https://docs.flutter.dev/cookbook/design/fonts @ http://localhost:8080/dart_sdk.js:241458
[  105941ms] [WARNING] Unrecognized feature: 'web-share'. @ https://www.youtube.com/s/player/8e54e4ea/www-widgetapi.vflset/www-widgetapi.js:193
[  106215ms] [WARNING] Failed to execute 'postMessage' on 'DOMWindow': The target origin provided ('https://www.youtube.com') does not match the recipient window's origin ('http://localhost:8080'). @ https://www.youtube.com/s/player/8e54e4ea/www-widgetapi.vflset/www-widgetapi.js:209
[  142445ms] [WARNING] Failed to execute 'postMessage' on 'DOMWindow': The target origin provided ('https://www.youtube.com') does not match the recipient window's origin ('http://localhost:8080'). @ https://www.youtube.com/s/player/8e54e4ea/www-widgetapi.vflset/www-widgetapi.js:209
[  147083ms] [ERROR] Access to fetch at 'https://googleads.g.doubleclick.net/pagead/viewthroughconversion/962985656/?backend=innertube&cname=56&cver=20260326&foc_id=LsooMJoIpl_7ux2jvdPB-Q&label=followon_view&ptype=no_rmkt&random=179611417&cv_attributed=0' (redirected from 'https://www.youtube.com/pagead/viewthroughconversion/962985656/?backend=innertube&cname=56&cver=20260326&foc_id=LsooMJoIpl_7ux2jvdPB-Q&label=followon_view&ptype=no_rmkt&random=179611417') from origin 'https://www.youtube.com' has been blocked by CORS policy: No 'Access-Control-Allow-Origin' header is present on the requested resource. @ https://www.youtube.com/embed/?autoplay=1&mute=0&cc_lang_pref=en&cc_load_policy=1&color=white&controls=1&disablekb=0&enablejsapi=1&fs=1&hl=en&iv_load_policy=1&loop=0&modestbranding=1&origin=http%3A%2F%2Flocalhost%3A8080&widget_referrer=http%3A%2F%2Flocalhost%3A8080%2F&playsinline=1&rel=1&widgetid=1&forigin=about%3Asrcdoc&aoriginsup=1&aorigins=http%3A%2F%2Flocalhost%3A8080&gporigin=http%3A%2F%2Flocalhost%3A8080%2F&vf=6:0
[  147085ms] [ERROR] Failed to load resource: net::ERR_FAILED @ https://googleads.g.doubleclick.net/pagead/viewthroughconversion/962985656/?backend=innertube&cname=56&cver=20260326&foc_id=LsooMJoIpl_7ux2jvdPB-Q&label=followon_view&ptype=no_rmkt&random=179611417&cv_attributed=0:0
